C:\Program Files\Microsoft Visual Studio\2022\Community\MSBuild\Microsoft\VC\v170\Microsoft.CppBuild.targets(517,5): warning MSB8028: The intermediate directory (x64\Release\) contains files shared from another project (Another I Wanna Be the Guy Clone.vcxproj).  This can lead to incorrect clean and rebuild behavior.
  stdafx.cpp
  Boss Health.cpp
  Bullet.cpp
  Collision Information.cpp
  Doorway.cpp
  Enemy.cpp
  Enemy_And_Smart_Object_Pairs.cpp
  Game Event.cpp
  Music and Sound.cpp
  Smart Object.cpp
  globals.cpp
  Hazards.cpp
  Another I Wanna Be the Guy Clone.cpp
  Image Processing.cpp
  main_game.cpp
  Save Box.cpp
  Special Platform.cpp
  Super Carock Fight.cpp
  Text_Box.cpp
  The Kid.cpp
  Title Screen.cpp
  Compiling...
  Worlds and Maps.cpp
  timer.cpp
  Generating code
  Previous IPDB not found, fall back to full compilation.
  All 3446 functions were compiled because no usable IPDB/IOBJ from previous compilation was found.
  Finished generating code
LINK : warning LNK4286: symbol '__iob_func' defined in 'globals.obj' is imported by 'SDL2main.lib(SDL_windows_main.obj)'
  Another I Wanna Be the Guy Clone.vcxproj -> C:\Users\Alex\Desktop\Stretcc Dev Folder\Projects\Stretcc Projects\Another I Wanna Be the Guy Clone\x64\Release\Another I Wanna Be the Guy Clone.exe
