C:\USERS\BINKY\DOCUMENTS\VISUAL STUDIO 2012\PROJECTS\I WANNA BE THE BUNKY\I WANNA BE THE BUNKY\X64\RELEASE\I WANNA BE THE BUNKY.PCH
C:\USERS\BINKY\DOCUMENTS\VISUAL STUDIO 2012\PROJECTS\I WANNA BE THE BUNKY\I WANNA BE THE BUNKY\X64\RELEASE\STDAFX.OBJ
C:\USERS\BINKY\DOCUMENTS\VISUAL STUDIO 2012\PROJECTS\I WANNA BE THE BUNKY\I WANNA BE THE BUNKY\X64\RELEASE\VC110.PDB
C:\USERS\BINKY\DOCUMENTS\VISUAL STUDIO 2012\PROJECTS\I WANNA BE THE BUNKY\I WANNA BE THE BUNKY\X64\RELEASE\TITLE SCREEN.OBJ
C:\USERS\BINKY\DOCUMENTS\VISUAL STUDIO 2012\PROJECTS\I WANNA BE THE BUNKY\I WANNA BE THE BUNKY\X64\RELEASE\THE KID.OBJ
C:\USERS\BINKY\DOCUMENTS\VISUAL STUDIO 2012\PROJECTS\I WANNA BE THE BUNKY\I WANNA BE THE BUNKY\X64\RELEASE\TEXT_BOX.OBJ
C:\USERS\BINKY\DOCUMENTS\VISUAL STUDIO 2012\PROJECTS\I WANNA BE THE BUNKY\I WANNA BE THE BUNKY\X64\RELEASE\SUPER CAROCK FIGHT.OBJ
C:\USERS\BINKY\DOCUMENTS\VISUAL STUDIO 2012\PROJECTS\I WANNA BE THE BUNKY\I WANNA BE THE BUNKY\X64\RELEASE\SPECIAL PLATFORM.OBJ
C:\USERS\BINKY\DOCUMENTS\VISUAL STUDIO 2012\PROJECTS\I WANNA BE THE BUNKY\I WANNA BE THE BUNKY\X64\RELEASE\SAVE BOX.OBJ
C:\USERS\BINKY\DOCUMENTS\VISUAL STUDIO 2012\PROJECTS\I WANNA BE THE BUNKY\I WANNA BE THE BUNKY\X64\RELEASE\MAIN_GAME.OBJ
C:\USERS\BINKY\DOCUMENTS\VISUAL STUDIO 2012\PROJECTS\I WANNA BE THE BUNKY\I WANNA BE THE BUNKY\X64\RELEASE\IMAGE PROCESSING.OBJ
C:\USERS\BINKY\DOCUMENTS\VISUAL STUDIO 2012\PROJECTS\I WANNA BE THE BUNKY\I WANNA BE THE BUNKY\X64\RELEASE\I WANNA BE THE BUNKY.OBJ
C:\USERS\BINKY\DOCUMENTS\VISUAL STUDIO 2012\PROJECTS\I WANNA BE THE BUNKY\I WANNA BE THE BUNKY\X64\RELEASE\HAZARDS.OBJ
C:\USERS\BINKY\DOCUMENTS\VISUAL STUDIO 2012\PROJECTS\I WANNA BE THE BUNKY\I WANNA BE THE BUNKY\X64\RELEASE\GLOBALS.OBJ
C:\USERS\BINKY\DOCUMENTS\VISUAL STUDIO 2012\PROJECTS\I WANNA BE THE BUNKY\I WANNA BE THE BUNKY\X64\RELEASE\SMART OBJECT.OBJ
C:\USERS\BINKY\DOCUMENTS\VISUAL STUDIO 2012\PROJECTS\I WANNA BE THE BUNKY\I WANNA BE THE BUNKY\X64\RELEASE\MUSIC AND SOUND.OBJ
C:\USERS\BINKY\DOCUMENTS\VISUAL STUDIO 2012\PROJECTS\I WANNA BE THE BUNKY\I WANNA BE THE BUNKY\X64\RELEASE\GAME EVENT.OBJ
C:\USERS\BINKY\DOCUMENTS\VISUAL STUDIO 2012\PROJECTS\I WANNA BE THE BUNKY\I WANNA BE THE BUNKY\X64\RELEASE\ENEMY_AND_SMART_OBJECT_PAIRS.OBJ
C:\USERS\BINKY\DOCUMENTS\VISUAL STUDIO 2012\PROJECTS\I WANNA BE THE BUNKY\I WANNA BE THE BUNKY\X64\RELEASE\ENEMY.OBJ
C:\USERS\BINKY\DOCUMENTS\VISUAL STUDIO 2012\PROJECTS\I WANNA BE THE BUNKY\I WANNA BE THE BUNKY\X64\RELEASE\DOORWAY.OBJ
C:\USERS\BINKY\DOCUMENTS\VISUAL STUDIO 2012\PROJECTS\I WANNA BE THE BUNKY\I WANNA BE THE BUNKY\X64\RELEASE\COLLISION INFORMATION.OBJ
C:\USERS\BINKY\DOCUMENTS\VISUAL STUDIO 2012\PROJECTS\I WANNA BE THE BUNKY\I WANNA BE THE BUNKY\X64\RELEASE\BULLET.OBJ
C:\USERS\BINKY\DOCUMENTS\VISUAL STUDIO 2012\PROJECTS\I WANNA BE THE BUNKY\I WANNA BE THE BUNKY\X64\RELEASE\BOSS HEALTH.OBJ
C:\USERS\BINKY\DOCUMENTS\VISUAL STUDIO 2012\PROJECTS\I WANNA BE THE BUNKY\I WANNA BE THE BUNKY\X64\RELEASE\TIMER.OBJ
C:\USERS\BINKY\DOCUMENTS\VISUAL STUDIO 2012\PROJECTS\I WANNA BE THE BUNKY\I WANNA BE THE BUNKY\X64\RELEASE\WORLDS AND MAPS.OBJ
C:\USERS\BINKY\DOCUMENTS\VISUAL STUDIO 2012\PROJECTS\I WANNA BE THE BUNKY\X64\RELEASE\I WANNA BE THE BUNKY.EXE
C:\USERS\BINKY\DOCUMENTS\VISUAL STUDIO 2012\PROJECTS\I WANNA BE THE BUNKY\X64\RELEASE\I WANNA BE THE BUNKY.PDB
C:\USERS\BINKY\DOCUMENTS\VISUAL STUDIO 2012\PROJECTS\I WANNA BE THE BUNKY\I WANNA BE THE BUNKY\X64\RELEASE\I WANNA BE THE BUNKY.RES
C:\Users\Binky\documents\visual studio 2012\Projects\I Wanna Be The Bunky\I Wanna Be The Bunky\x64\Release\Boss Health.obj
C:\Users\Binky\documents\visual studio 2012\Projects\I Wanna Be The Bunky\I Wanna Be The Bunky\x64\Release\Bullet.obj
C:\Users\Binky\documents\visual studio 2012\Projects\I Wanna Be The Bunky\I Wanna Be The Bunky\x64\Release\Collision Information.obj
C:\Users\Binky\documents\visual studio 2012\Projects\I Wanna Be The Bunky\I Wanna Be The Bunky\x64\Release\Doorway.obj
C:\Users\Binky\documents\visual studio 2012\Projects\I Wanna Be The Bunky\I Wanna Be The Bunky\x64\Release\Enemy.obj
C:\Users\Binky\documents\visual studio 2012\Projects\I Wanna Be The Bunky\I Wanna Be The Bunky\x64\Release\Enemy_And_Smart_Object_Pairs.obj
C:\Users\Binky\documents\visual studio 2012\Projects\I Wanna Be The Bunky\I Wanna Be The Bunky\x64\Release\Game Event.obj
C:\Users\Binky\documents\visual studio 2012\Projects\I Wanna Be The Bunky\I Wanna Be The Bunky\x64\Release\globals.obj
C:\Users\Binky\documents\visual studio 2012\Projects\I Wanna Be The Bunky\I Wanna Be The Bunky\x64\Release\Hazards.obj
C:\Users\Binky\documents\visual studio 2012\Projects\I Wanna Be The Bunky\I Wanna Be The Bunky\x64\Release\I Wanna Be The Bunky.obj
C:\Users\Binky\documents\visual studio 2012\Projects\I Wanna Be The Bunky\I Wanna Be The Bunky\x64\Release\Image Processing.obj
C:\Users\Binky\documents\visual studio 2012\Projects\I Wanna Be The Bunky\I Wanna Be The Bunky\x64\Release\main_game.obj
C:\Users\Binky\documents\visual studio 2012\Projects\I Wanna Be The Bunky\I Wanna Be The Bunky\x64\Release\Music and Sound.obj
C:\Users\Binky\documents\visual studio 2012\Projects\I Wanna Be The Bunky\I Wanna Be The Bunky\x64\Release\Save Box.obj
C:\Users\Binky\documents\visual studio 2012\Projects\I Wanna Be The Bunky\I Wanna Be The Bunky\x64\Release\Smart Object.obj
C:\Users\Binky\documents\visual studio 2012\Projects\I Wanna Be The Bunky\I Wanna Be The Bunky\x64\Release\Special Platform.obj
C:\Users\Binky\documents\visual studio 2012\Projects\I Wanna Be The Bunky\I Wanna Be The Bunky\x64\Release\stdafx.obj
C:\Users\Binky\documents\visual studio 2012\Projects\I Wanna Be The Bunky\I Wanna Be The Bunky\x64\Release\Super Carock Fight.obj
C:\Users\Binky\documents\visual studio 2012\Projects\I Wanna Be The Bunky\I Wanna Be The Bunky\x64\Release\Text_Box.obj
C:\Users\Binky\documents\visual studio 2012\Projects\I Wanna Be The Bunky\I Wanna Be The Bunky\x64\Release\The Kid.obj
C:\Users\Binky\documents\visual studio 2012\Projects\I Wanna Be The Bunky\I Wanna Be The Bunky\x64\Release\timer.obj
C:\Users\Binky\documents\visual studio 2012\Projects\I Wanna Be The Bunky\I Wanna Be The Bunky\x64\Release\Title Screen.obj
C:\Users\Binky\documents\visual studio 2012\Projects\I Wanna Be The Bunky\I Wanna Be The Bunky\x64\Release\Worlds and Maps.obj
C:\Users\Binky\documents\visual studio 2012\Projects\I Wanna Be The Bunky\I Wanna Be The Bunky\x64\Release\cl.command.1.tlog
C:\Users\Binky\documents\visual studio 2012\Projects\I Wanna Be The Bunky\I Wanna Be The Bunky\x64\Release\CL.read.1.tlog
C:\Users\Binky\documents\visual studio 2012\Projects\I Wanna Be The Bunky\I Wanna Be The Bunky\x64\Release\CL.write.1.tlog
C:\Users\Binky\documents\visual studio 2012\Projects\I Wanna Be The Bunky\I Wanna Be The Bunky\x64\Release\link-cvtres.read.1.tlog
C:\Users\Binky\documents\visual studio 2012\Projects\I Wanna Be The Bunky\I Wanna Be The Bunky\x64\Release\link-cvtres.write.1.tlog
C:\Users\Binky\documents\visual studio 2012\Projects\I Wanna Be The Bunky\I Wanna Be The Bunky\x64\Release\link-rc.read.1.tlog
C:\Users\Binky\documents\visual studio 2012\Projects\I Wanna Be The Bunky\I Wanna Be The Bunky\x64\Release\link-rc.write.1.tlog
C:\Users\Binky\documents\visual studio 2012\Projects\I Wanna Be The Bunky\I Wanna Be The Bunky\x64\Release\link.command.1.tlog
C:\Users\Binky\documents\visual studio 2012\Projects\I Wanna Be The Bunky\I Wanna Be The Bunky\x64\Release\link.read.1.tlog
C:\Users\Binky\documents\visual studio 2012\Projects\I Wanna Be The Bunky\I Wanna Be The Bunky\x64\Release\link.write.1.tlog
C:\Users\Binky\documents\visual studio 2012\Projects\I Wanna Be The Bunky\I Wanna Be The Bunky\x64\Release\rc.command.1.tlog
C:\Users\Binky\documents\visual studio 2012\Projects\I Wanna Be The Bunky\I Wanna Be The Bunky\x64\Release\rc.read.1.tlog
C:\Users\Binky\documents\visual studio 2012\Projects\I Wanna Be The Bunky\I Wanna Be The Bunky\x64\Release\rc.write.1.tlog
C:\Users\Binky\documents\visual studio 2012\Projects\I Wanna Be The Bunky\I Wanna Be The Bunky\x64\Release\I Wanna Be The Bunky.res
C:\Users\Binky\documents\visual studio 2012\Projects\I Wanna Be The Bunky\I Wanna Be The Bunky\x64\Release\I Wanna Be The Bunky.pch
C:\Users\Binky\documents\visual studio 2012\Projects\I Wanna Be The Bunky\I Wanna Be The Bunky\x64\Release\vc110.pdb
C:\Users\Binky\documents\visual studio 2012\Projects\I Wanna Be The Bunky\x64\Release\I Wanna Be The Bunky.pdb
C:\Users\Binky\documents\visual studio 2012\Projects\I Wanna Be The Bunky\x64\Release\I Wanna Be The Bunky.exe
