C:\USERS\BINKY\DOCUMENTS\VISUAL STUDIO 2012\PROJECTS\I WANNA BE THE BUNKY\X64\DEBUG\I WANNA BE THE BUNKY.BSC
C:\USERS\BINKY\DOCUMENTS\VISUAL STUDIO 2012\PROJECTS\I WANNA BE THE BUNKY\I WANNA BE THE BUNKY\X64\DEBUG\I WANNA BE THE BUNKY.PCH
C:\USERS\BINKY\DOCUMENTS\VISUAL STUDIO 2012\PROJECTS\I WANNA BE THE BUNKY\I WANNA BE THE BUNKY\X64\DEBUG\STDAFX.SBR
C:\USERS\BINKY\DOCUMENTS\VISUAL STUDIO 2012\PROJECTS\I WANNA BE THE BUNKY\I WANNA BE THE BUNKY\X64\DEBUG\STDAFX.OBJ
C:\USERS\BINKY\DOCUMENTS\VISUAL STUDIO 2012\PROJECTS\I WANNA BE THE BUNKY\I WANNA BE THE BUNKY\X64\DEBUG\VC110.PDB
C:\USERS\BINKY\DOCUMENTS\VISUAL STUDIO 2012\PROJECTS\I WANNA BE THE BUNKY\I WANNA BE THE BUNKY\X64\DEBUG\TIMER.SBR
C:\USERS\BINKY\DOCUMENTS\VISUAL STUDIO 2012\PROJECTS\I WANNA BE THE BUNKY\I WANNA BE THE BUNKY\X64\DEBUG\WORLDS AND MAPS.SBR
C:\USERS\BINKY\DOCUMENTS\VISUAL STUDIO 2012\PROJECTS\I WANNA BE THE BUNKY\I WANNA BE THE BUNKY\X64\DEBUG\TITLE SCREEN.SBR
C:\USERS\BINKY\DOCUMENTS\VISUAL STUDIO 2012\PROJECTS\I WANNA BE THE BUNKY\I WANNA BE THE BUNKY\X64\DEBUG\THE KID.SBR
C:\USERS\BINKY\DOCUMENTS\VISUAL STUDIO 2012\PROJECTS\I WANNA BE THE BUNKY\I WANNA BE THE BUNKY\X64\DEBUG\TEXT_BOX.SBR
C:\USERS\BINKY\DOCUMENTS\VISUAL STUDIO 2012\PROJECTS\I WANNA BE THE BUNKY\I WANNA BE THE BUNKY\X64\DEBUG\SUPER CAROCK FIGHT.SBR
C:\USERS\BINKY\DOCUMENTS\VISUAL STUDIO 2012\PROJECTS\I WANNA BE THE BUNKY\I WANNA BE THE BUNKY\X64\DEBUG\SPECIAL PLATFORM.SBR
C:\USERS\BINKY\DOCUMENTS\VISUAL STUDIO 2012\PROJECTS\I WANNA BE THE BUNKY\I WANNA BE THE BUNKY\X64\DEBUG\SAVE BOX.SBR
C:\USERS\BINKY\DOCUMENTS\VISUAL STUDIO 2012\PROJECTS\I WANNA BE THE BUNKY\I WANNA BE THE BUNKY\X64\DEBUG\MAIN_GAME.SBR
C:\USERS\BINKY\DOCUMENTS\VISUAL STUDIO 2012\PROJECTS\I WANNA BE THE BUNKY\I WANNA BE THE BUNKY\X64\DEBUG\IMAGE PROCESSING.SBR
C:\USERS\BINKY\DOCUMENTS\VISUAL STUDIO 2012\PROJECTS\I WANNA BE THE BUNKY\I WANNA BE THE BUNKY\X64\DEBUG\I WANNA BE THE BUNKY.SBR
C:\USERS\BINKY\DOCUMENTS\VISUAL STUDIO 2012\PROJECTS\I WANNA BE THE BUNKY\I WANNA BE THE BUNKY\X64\DEBUG\HAZARDS.SBR
C:\USERS\BINKY\DOCUMENTS\VISUAL STUDIO 2012\PROJECTS\I WANNA BE THE BUNKY\I WANNA BE THE BUNKY\X64\DEBUG\GLOBALS.SBR
C:\USERS\BINKY\DOCUMENTS\VISUAL STUDIO 2012\PROJECTS\I WANNA BE THE BUNKY\I WANNA BE THE BUNKY\X64\DEBUG\SMART OBJECT.SBR
C:\USERS\BINKY\DOCUMENTS\VISUAL STUDIO 2012\PROJECTS\I WANNA BE THE BUNKY\I WANNA BE THE BUNKY\X64\DEBUG\MUSIC AND SOUND.SBR
C:\USERS\BINKY\DOCUMENTS\VISUAL STUDIO 2012\PROJECTS\I WANNA BE THE BUNKY\I WANNA BE THE BUNKY\X64\DEBUG\GAME EVENT.SBR
C:\USERS\BINKY\DOCUMENTS\VISUAL STUDIO 2012\PROJECTS\I WANNA BE THE BUNKY\I WANNA BE THE BUNKY\X64\DEBUG\ENEMY_AND_SMART_OBJECT_PAIRS.SBR
C:\USERS\BINKY\DOCUMENTS\VISUAL STUDIO 2012\PROJECTS\I WANNA BE THE BUNKY\I WANNA BE THE BUNKY\X64\DEBUG\ENEMY.SBR
C:\USERS\BINKY\DOCUMENTS\VISUAL STUDIO 2012\PROJECTS\I WANNA BE THE BUNKY\I WANNA BE THE BUNKY\X64\DEBUG\DOORWAY.SBR
C:\USERS\BINKY\DOCUMENTS\VISUAL STUDIO 2012\PROJECTS\I WANNA BE THE BUNKY\I WANNA BE THE BUNKY\X64\DEBUG\COLLISION INFORMATION.SBR
C:\USERS\BINKY\DOCUMENTS\VISUAL STUDIO 2012\PROJECTS\I WANNA BE THE BUNKY\I WANNA BE THE BUNKY\X64\DEBUG\COLLISION INFORMATION.OBJ
C:\USERS\BINKY\DOCUMENTS\VISUAL STUDIO 2012\PROJECTS\I WANNA BE THE BUNKY\I WANNA BE THE BUNKY\X64\DEBUG\DOORWAY.OBJ
C:\USERS\BINKY\DOCUMENTS\VISUAL STUDIO 2012\PROJECTS\I WANNA BE THE BUNKY\I WANNA BE THE BUNKY\X64\DEBUG\ENEMY.OBJ
C:\USERS\BINKY\DOCUMENTS\VISUAL STUDIO 2012\PROJECTS\I WANNA BE THE BUNKY\I WANNA BE THE BUNKY\X64\DEBUG\ENEMY_AND_SMART_OBJECT_PAIRS.OBJ
C:\USERS\BINKY\DOCUMENTS\VISUAL STUDIO 2012\PROJECTS\I WANNA BE THE BUNKY\I WANNA BE THE BUNKY\X64\DEBUG\GAME EVENT.OBJ
C:\USERS\BINKY\DOCUMENTS\VISUAL STUDIO 2012\PROJECTS\I WANNA BE THE BUNKY\I WANNA BE THE BUNKY\X64\DEBUG\MUSIC AND SOUND.OBJ
C:\USERS\BINKY\DOCUMENTS\VISUAL STUDIO 2012\PROJECTS\I WANNA BE THE BUNKY\I WANNA BE THE BUNKY\X64\DEBUG\SMART OBJECT.OBJ
C:\USERS\BINKY\DOCUMENTS\VISUAL STUDIO 2012\PROJECTS\I WANNA BE THE BUNKY\I WANNA BE THE BUNKY\X64\DEBUG\GLOBALS.OBJ
C:\USERS\BINKY\DOCUMENTS\VISUAL STUDIO 2012\PROJECTS\I WANNA BE THE BUNKY\I WANNA BE THE BUNKY\X64\DEBUG\HAZARDS.OBJ
C:\USERS\BINKY\DOCUMENTS\VISUAL STUDIO 2012\PROJECTS\I WANNA BE THE BUNKY\I WANNA BE THE BUNKY\X64\DEBUG\I WANNA BE THE BUNKY.OBJ
C:\USERS\BINKY\DOCUMENTS\VISUAL STUDIO 2012\PROJECTS\I WANNA BE THE BUNKY\I WANNA BE THE BUNKY\X64\DEBUG\IMAGE PROCESSING.OBJ
C:\USERS\BINKY\DOCUMENTS\VISUAL STUDIO 2012\PROJECTS\I WANNA BE THE BUNKY\I WANNA BE THE BUNKY\X64\DEBUG\MAIN_GAME.OBJ
C:\USERS\BINKY\DOCUMENTS\VISUAL STUDIO 2012\PROJECTS\I WANNA BE THE BUNKY\I WANNA BE THE BUNKY\X64\DEBUG\SAVE BOX.OBJ
C:\USERS\BINKY\DOCUMENTS\VISUAL STUDIO 2012\PROJECTS\I WANNA BE THE BUNKY\I WANNA BE THE BUNKY\X64\DEBUG\SPECIAL PLATFORM.OBJ
C:\USERS\BINKY\DOCUMENTS\VISUAL STUDIO 2012\PROJECTS\I WANNA BE THE BUNKY\I WANNA BE THE BUNKY\X64\DEBUG\SUPER CAROCK FIGHT.OBJ
C:\USERS\BINKY\DOCUMENTS\VISUAL STUDIO 2012\PROJECTS\I WANNA BE THE BUNKY\I WANNA BE THE BUNKY\X64\DEBUG\TEXT_BOX.OBJ
C:\USERS\BINKY\DOCUMENTS\VISUAL STUDIO 2012\PROJECTS\I WANNA BE THE BUNKY\I WANNA BE THE BUNKY\X64\DEBUG\THE KID.OBJ
C:\USERS\BINKY\DOCUMENTS\VISUAL STUDIO 2012\PROJECTS\I WANNA BE THE BUNKY\I WANNA BE THE BUNKY\X64\DEBUG\TITLE SCREEN.OBJ
C:\USERS\BINKY\DOCUMENTS\VISUAL STUDIO 2012\PROJECTS\I WANNA BE THE BUNKY\I WANNA BE THE BUNKY\X64\DEBUG\WORLDS AND MAPS.OBJ
C:\USERS\BINKY\DOCUMENTS\VISUAL STUDIO 2012\PROJECTS\I WANNA BE THE BUNKY\I WANNA BE THE BUNKY\X64\DEBUG\TIMER.OBJ
C:\USERS\BINKY\DOCUMENTS\VISUAL STUDIO 2012\PROJECTS\I WANNA BE THE BUNKY\I WANNA BE THE BUNKY\X64\DEBUG\BULLET.SBR
C:\USERS\BINKY\DOCUMENTS\VISUAL STUDIO 2012\PROJECTS\I WANNA BE THE BUNKY\I WANNA BE THE BUNKY\X64\DEBUG\BOSS HEALTH.SBR
C:\USERS\BINKY\DOCUMENTS\VISUAL STUDIO 2012\PROJECTS\I WANNA BE THE BUNKY\I WANNA BE THE BUNKY\X64\DEBUG\BOSS HEALTH.OBJ
C:\USERS\BINKY\DOCUMENTS\VISUAL STUDIO 2012\PROJECTS\I WANNA BE THE BUNKY\I WANNA BE THE BUNKY\X64\DEBUG\BULLET.OBJ
C:\USERS\BINKY\DOCUMENTS\VISUAL STUDIO 2012\PROJECTS\I WANNA BE THE BUNKY\X64\DEBUG\I WANNA BE THE BUNKY.ILK
C:\USERS\BINKY\DOCUMENTS\VISUAL STUDIO 2012\PROJECTS\I WANNA BE THE BUNKY\X64\DEBUG\I WANNA BE THE BUNKY.EXE
C:\USERS\BINKY\DOCUMENTS\VISUAL STUDIO 2012\PROJECTS\I WANNA BE THE BUNKY\X64\DEBUG\I WANNA BE THE BUNKY.PDB
C:\USERS\BINKY\DOCUMENTS\VISUAL STUDIO 2012\PROJECTS\I WANNA BE THE BUNKY\I WANNA BE THE BUNKY\X64\DEBUG\I WANNA BE THE BUNKY.RES
C:\Users\Binky\documents\visual studio 2012\Projects\I Wanna Be The Bunky\I Wanna Be The Bunky\x64\Debug\Boss Health.obj
C:\Users\Binky\documents\visual studio 2012\Projects\I Wanna Be The Bunky\I Wanna Be The Bunky\x64\Debug\Bullet.obj
C:\Users\Binky\documents\visual studio 2012\Projects\I Wanna Be The Bunky\I Wanna Be The Bunky\x64\Debug\Collision Information.obj
C:\Users\Binky\documents\visual studio 2012\Projects\I Wanna Be The Bunky\I Wanna Be The Bunky\x64\Debug\Doorway.obj
C:\Users\Binky\documents\visual studio 2012\Projects\I Wanna Be The Bunky\I Wanna Be The Bunky\x64\Debug\Enemy.obj
C:\Users\Binky\documents\visual studio 2012\Projects\I Wanna Be The Bunky\I Wanna Be The Bunky\x64\Debug\Enemy_And_Smart_Object_Pairs.obj
C:\Users\Binky\documents\visual studio 2012\Projects\I Wanna Be The Bunky\I Wanna Be The Bunky\x64\Debug\Game Event.obj
C:\Users\Binky\documents\visual studio 2012\Projects\I Wanna Be The Bunky\I Wanna Be The Bunky\x64\Debug\globals.obj
C:\Users\Binky\documents\visual studio 2012\Projects\I Wanna Be The Bunky\I Wanna Be The Bunky\x64\Debug\Hazards.obj
C:\Users\Binky\documents\visual studio 2012\Projects\I Wanna Be The Bunky\I Wanna Be The Bunky\x64\Debug\I Wanna Be The Bunky.obj
C:\Users\Binky\documents\visual studio 2012\Projects\I Wanna Be The Bunky\I Wanna Be The Bunky\x64\Debug\Image Processing.obj
C:\Users\Binky\documents\visual studio 2012\Projects\I Wanna Be The Bunky\I Wanna Be The Bunky\x64\Debug\main_game.obj
C:\Users\Binky\documents\visual studio 2012\Projects\I Wanna Be The Bunky\I Wanna Be The Bunky\x64\Debug\Music and Sound.obj
C:\Users\Binky\documents\visual studio 2012\Projects\I Wanna Be The Bunky\I Wanna Be The Bunky\x64\Debug\Save Box.obj
C:\Users\Binky\documents\visual studio 2012\Projects\I Wanna Be The Bunky\I Wanna Be The Bunky\x64\Debug\Smart Object.obj
C:\Users\Binky\documents\visual studio 2012\Projects\I Wanna Be The Bunky\I Wanna Be The Bunky\x64\Debug\Special Platform.obj
C:\Users\Binky\documents\visual studio 2012\Projects\I Wanna Be The Bunky\I Wanna Be The Bunky\x64\Debug\stdafx.obj
C:\Users\Binky\documents\visual studio 2012\Projects\I Wanna Be The Bunky\I Wanna Be The Bunky\x64\Debug\Super Carock Fight.obj
C:\Users\Binky\documents\visual studio 2012\Projects\I Wanna Be The Bunky\I Wanna Be The Bunky\x64\Debug\Text_Box.obj
C:\Users\Binky\documents\visual studio 2012\Projects\I Wanna Be The Bunky\I Wanna Be The Bunky\x64\Debug\The Kid.obj
C:\Users\Binky\documents\visual studio 2012\Projects\I Wanna Be The Bunky\I Wanna Be The Bunky\x64\Debug\timer.obj
C:\Users\Binky\documents\visual studio 2012\Projects\I Wanna Be The Bunky\I Wanna Be The Bunky\x64\Debug\Title Screen.obj
C:\Users\Binky\documents\visual studio 2012\Projects\I Wanna Be The Bunky\I Wanna Be The Bunky\x64\Debug\Worlds and Maps.obj
C:\Users\Binky\documents\visual studio 2012\Projects\I Wanna Be The Bunky\I Wanna Be The Bunky\x64\Debug\BscMake.command.1.tlog
C:\Users\Binky\documents\visual studio 2012\Projects\I Wanna Be The Bunky\I Wanna Be The Bunky\x64\Debug\bscmake.read.1.tlog
C:\Users\Binky\documents\visual studio 2012\Projects\I Wanna Be The Bunky\I Wanna Be The Bunky\x64\Debug\bscmake.write.1.tlog
C:\Users\Binky\documents\visual studio 2012\Projects\I Wanna Be The Bunky\I Wanna Be The Bunky\x64\Debug\cl.command.1.tlog
C:\Users\Binky\documents\visual studio 2012\Projects\I Wanna Be The Bunky\I Wanna Be The Bunky\x64\Debug\CL.read.1.tlog
C:\Users\Binky\documents\visual studio 2012\Projects\I Wanna Be The Bunky\I Wanna Be The Bunky\x64\Debug\CL.write.1.tlog
C:\Users\Binky\documents\visual studio 2012\Projects\I Wanna Be The Bunky\I Wanna Be The Bunky\x64\Debug\link-cvtres.read.1.tlog
C:\Users\Binky\documents\visual studio 2012\Projects\I Wanna Be The Bunky\I Wanna Be The Bunky\x64\Debug\link-cvtres.write.1.tlog
C:\Users\Binky\documents\visual studio 2012\Projects\I Wanna Be The Bunky\I Wanna Be The Bunky\x64\Debug\link-rc.read.1.tlog
C:\Users\Binky\documents\visual studio 2012\Projects\I Wanna Be The Bunky\I Wanna Be The Bunky\x64\Debug\link-rc.write.1.tlog
C:\Users\Binky\documents\visual studio 2012\Projects\I Wanna Be The Bunky\I Wanna Be The Bunky\x64\Debug\link.command.1.tlog
C:\Users\Binky\documents\visual studio 2012\Projects\I Wanna Be The Bunky\I Wanna Be The Bunky\x64\Debug\link.read.1.tlog
C:\Users\Binky\documents\visual studio 2012\Projects\I Wanna Be The Bunky\I Wanna Be The Bunky\x64\Debug\link.write.1.tlog
C:\Users\Binky\documents\visual studio 2012\Projects\I Wanna Be The Bunky\I Wanna Be The Bunky\x64\Debug\rc.command.1.tlog
C:\Users\Binky\documents\visual studio 2012\Projects\I Wanna Be The Bunky\I Wanna Be The Bunky\x64\Debug\rc.read.1.tlog
C:\Users\Binky\documents\visual studio 2012\Projects\I Wanna Be The Bunky\I Wanna Be The Bunky\x64\Debug\rc.write.1.tlog
C:\Users\Binky\documents\visual studio 2012\Projects\I Wanna Be The Bunky\I Wanna Be The Bunky\x64\Debug\I Wanna Be The Bunky.res
C:\Users\Binky\documents\visual studio 2012\Projects\I Wanna Be The Bunky\I Wanna Be The Bunky\x64\Debug\I Wanna Be The Bunky.pch
C:\Users\Binky\documents\visual studio 2012\Projects\I Wanna Be The Bunky\I Wanna Be The Bunky\x64\Debug\vc110.idb
C:\Users\Binky\documents\visual studio 2012\Projects\I Wanna Be The Bunky\I Wanna Be The Bunky\x64\Debug\vc110.pdb
C:\Users\Binky\documents\visual studio 2012\Projects\I Wanna Be The Bunky\I Wanna Be The Bunky\x64\Debug\Boss Health.sbr
C:\Users\Binky\documents\visual studio 2012\Projects\I Wanna Be The Bunky\I Wanna Be The Bunky\x64\Debug\Bullet.sbr
C:\Users\Binky\documents\visual studio 2012\Projects\I Wanna Be The Bunky\I Wanna Be The Bunky\x64\Debug\Collision Information.sbr
C:\Users\Binky\documents\visual studio 2012\Projects\I Wanna Be The Bunky\I Wanna Be The Bunky\x64\Debug\Doorway.sbr
C:\Users\Binky\documents\visual studio 2012\Projects\I Wanna Be The Bunky\I Wanna Be The Bunky\x64\Debug\Enemy.sbr
C:\Users\Binky\documents\visual studio 2012\Projects\I Wanna Be The Bunky\I Wanna Be The Bunky\x64\Debug\Enemy_And_Smart_Object_Pairs.sbr
C:\Users\Binky\documents\visual studio 2012\Projects\I Wanna Be The Bunky\I Wanna Be The Bunky\x64\Debug\Game Event.sbr
C:\Users\Binky\documents\visual studio 2012\Projects\I Wanna Be The Bunky\I Wanna Be The Bunky\x64\Debug\globals.sbr
C:\Users\Binky\documents\visual studio 2012\Projects\I Wanna Be The Bunky\I Wanna Be The Bunky\x64\Debug\Hazards.sbr
C:\Users\Binky\documents\visual studio 2012\Projects\I Wanna Be The Bunky\I Wanna Be The Bunky\x64\Debug\I Wanna Be The Bunky.sbr
C:\Users\Binky\documents\visual studio 2012\Projects\I Wanna Be The Bunky\I Wanna Be The Bunky\x64\Debug\Image Processing.sbr
C:\Users\Binky\documents\visual studio 2012\Projects\I Wanna Be The Bunky\I Wanna Be The Bunky\x64\Debug\main_game.sbr
C:\Users\Binky\documents\visual studio 2012\Projects\I Wanna Be The Bunky\I Wanna Be The Bunky\x64\Debug\Music and Sound.sbr
C:\Users\Binky\documents\visual studio 2012\Projects\I Wanna Be The Bunky\I Wanna Be The Bunky\x64\Debug\Save Box.sbr
C:\Users\Binky\documents\visual studio 2012\Projects\I Wanna Be The Bunky\I Wanna Be The Bunky\x64\Debug\Smart Object.sbr
C:\Users\Binky\documents\visual studio 2012\Projects\I Wanna Be The Bunky\I Wanna Be The Bunky\x64\Debug\Special Platform.sbr
C:\Users\Binky\documents\visual studio 2012\Projects\I Wanna Be The Bunky\I Wanna Be The Bunky\x64\Debug\stdafx.sbr
C:\Users\Binky\documents\visual studio 2012\Projects\I Wanna Be The Bunky\I Wanna Be The Bunky\x64\Debug\Super Carock Fight.sbr
C:\Users\Binky\documents\visual studio 2012\Projects\I Wanna Be The Bunky\I Wanna Be The Bunky\x64\Debug\Text_Box.sbr
C:\Users\Binky\documents\visual studio 2012\Projects\I Wanna Be The Bunky\I Wanna Be The Bunky\x64\Debug\The Kid.sbr
C:\Users\Binky\documents\visual studio 2012\Projects\I Wanna Be The Bunky\I Wanna Be The Bunky\x64\Debug\timer.sbr
C:\Users\Binky\documents\visual studio 2012\Projects\I Wanna Be The Bunky\I Wanna Be The Bunky\x64\Debug\Title Screen.sbr
C:\Users\Binky\documents\visual studio 2012\Projects\I Wanna Be The Bunky\I Wanna Be The Bunky\x64\Debug\Worlds and Maps.sbr
C:\Users\Binky\documents\visual studio 2012\Projects\I Wanna Be The Bunky\x64\Debug\I Wanna Be The Bunky.pdb
C:\Users\Binky\documents\visual studio 2012\Projects\I Wanna Be The Bunky\x64\Debug\I Wanna Be The Bunky.exe
C:\Users\Binky\documents\visual studio 2012\Projects\I Wanna Be The Bunky\x64\Debug\I Wanna Be The Bunky.bsc
C:\Users\Binky\documents\visual studio 2012\Projects\I Wanna Be The Bunky\x64\Debug\I Wanna Be The Bunky.ilk
